kotlin version: 2.0.21
error message: org.jetbrains.kotlin.backend.common.BackendException: Backend Internal error: Exception during IR lowering
File being compiled: C:/ddrive/ezee/project-school-teacher/app/src/main/java/com/example/apsforfaculty/fragments/ViewMarksFragment.kt
The root cause java.lang.RuntimeException was thrown at: org.jetbrains.kotlin.backend.jvm.codegen.FunctionCodegen.generate(FunctionCodegen.kt:47)
	at org.jetbrains.kotlin.backend.common.CodegenUtil.reportBackendException(CodegenUtil.kt:253)
	at org.jetbrains.kotlin.backend.common.CodegenUtil.reportBackendException$default(CodegenUtil.kt:236)
	at org.jetbrains.kotlin.backend.common.phaser.PerformByIrFilePhase.invokeSequential(performByIrFile.kt:65)
	at org.jetbrains.kotlin.backend.common.phaser.PerformByIrFilePhase.invoke(performByIrFile.kt:52)
	at org.jetbrains.kotlin.backend.common.phaser.PerformByIrFilePhase.invoke(performByIrFile.kt:38)
	at org.jetbrains.kotlin.backend.common.phaser.NamedCompilerPhase.phaseBody(CompilerPhase.kt:166)
	at org.jetbrains.kotlin.backend.common.phaser.AbstractNamedCompilerPhase.invoke(CompilerPhase.kt:113)
	at org.jetbrains.kotlin.backend.common.phaser.CompositePhase.invoke(PhaseBuilders.kt:27)
	at org.jetbrains.kotlin.backend.common.phaser.CompositePhase.invoke(PhaseBuilders.kt:14)
	at org.jetbrains.kotlin.backend.common.phaser.NamedCompilerPhase.phaseBody(CompilerPhase.kt:166)
	at org.jetbrains.kotlin.backend.common.phaser.AbstractNamedCompilerPhase.invoke(CompilerPhase.kt:113)
	at org.jetbrains.kotlin.backend.common.phaser.CompilerPhaseKt.invokeToplevel(CompilerPhase.kt:62)
	at org.jetbrains.kotlin.backend.jvm.JvmIrCodegenFactory.invokeCodegen(JvmIrCodegenFactory.kt:371)
	at org.jetbrains.kotlin.codegen.CodegenFactory.generateModule(CodegenFactory.kt:47)
	at org.jetbrains.kotlin.backend.jvm.JvmIrCodegenFactory.generateModuleInFrontendIRMode(JvmIrCodegenFactory.kt:433)
	at org.jetbrains.kotlin.cli.jvm.compiler.pipeline.JvmCompilerPipelineKt.generateCodeFromIr(jvmCompilerPipeline.kt:246)
	at org.jetbrains.kotlin.cli.jvm.compiler.pipeline.JvmCompilerPipelineKt.compileModulesUsingFrontendIrAndLightTree(jvmCompilerPipeline.kt:142)
	at org.jetbrains.kotlin.cli.jvm.K2JVMCompiler.doExecute(K2JVMCompiler.kt:148)
	at org.jetbrains.kotlin.cli.jvm.K2JVMCompiler.doExecute(K2JVMCompiler.kt:43)
	at org.jetbrains.kotlin.cli.common.CLICompiler.execImpl(CLICompiler.kt:103)
	at org.jetbrains.kotlin.cli.common.CLICompiler.execImpl(CLICompiler.kt:49)
	at org.jetbrains.kotlin.cli.common.CLITool.exec(CLITool.kt:101)
	at org.jetbrains.kotlin.incremental.IncrementalJvmCompilerRunner.runCompiler(IncrementalJvmCompilerRunner.kt:464)
	at org.jetbrains.kotlin.incremental.IncrementalJvmCompilerRunner.runCompiler(IncrementalJvmCompilerRunner.kt:73)
	at org.jetbrains.kotlin.incremental.IncrementalCompilerRunner.doCompile(IncrementalCompilerRunner.kt:506)
	at org.jetbrains.kotlin.incremental.IncrementalCompilerRunner.compileImpl(IncrementalCompilerRunner.kt:423)
	at org.jetbrains.kotlin.incremental.IncrementalCompilerRunner.tryCompileIncrementally$lambda$9$compile(IncrementalCompilerRunner.kt:249)
	at org.jetbrains.kotlin.incremental.IncrementalCompilerRunner.tryCompileIncrementally(IncrementalCompilerRunner.kt:267)
	at org.jetbrains.kotlin.incremental.IncrementalCompilerRunner.compile(IncrementalCompilerRunner.kt:120)
	at org.jetbrains.kotlin.daemon.CompileServiceImplBase.execIncrementalCompiler(CompileServiceImpl.kt:675)
	at org.jetbrains.kotlin.daemon.CompileServiceImplBase.access$execIncrementalCompiler(CompileServiceImpl.kt:92)
	at org.jetbrains.kotlin.daemon.CompileServiceImpl.compile(CompileServiceImpl.kt:1660)
	at java.base/jdk.internal.reflect.DirectMethodHandleAccessor.invoke(Unknown Source)
	at java.base/java.lang.reflect.Method.invoke(Unknown Source)
	at java.rmi/sun.rmi.server.UnicastServerRef.dispatch(Unknown Source)
	at java.rmi/sun.rmi.transport.Transport$1.run(Unknown Source)
	at java.rmi/sun.rmi.transport.Transport$1.run(Unknown Source)
	at java.base/java.security.AccessController.doPrivileged(Unknown Source)
	at java.rmi/sun.rmi.transport.Transport.serviceCall(Unknown Source)
	at java.rmi/sun.rmi.transport.tcp.TCPTransport.handleMessages(Unknown Source)
	at java.rmi/sun.rmi.transport.tcp.TCPTransport$ConnectionHandler.run0(Unknown Source)
	at java.rmi/sun.rmi.transport.tcp.TCPTransport$ConnectionHandler.lambda$run$0(Unknown Source)
	at java.base/java.security.AccessController.doPrivileged(Unknown Source)
	at java.rmi/sun.rmi.transport.tcp.TCPTransport$ConnectionHandler.run(Unknown Source)
	at java.base/java.util.concurrent.ThreadPoolExecutor.runWorker(Unknown Source)
	at java.base/java.util.concurrent.ThreadPoolExecutor$Worker.run(Unknown Source)
	at java.base/java.lang.Thread.run(Unknown Source)
Caused by: java.lang.RuntimeException: Exception while generating code for:
FUN name:fetchSubjectDetailsAndLoadMarks visibility:private modality:FINAL <> ($this:com.example.apsforfaculty.fragments.ViewMarksFragment, chosenSubject:kotlin.String, examId:kotlin.String) returnType:kotlin.Unit
  $this: VALUE_PARAMETER name:<this> type:com.example.apsforfaculty.fragments.ViewMarksFragment
  VALUE_PARAMETER name:chosenSubject index:0 type:kotlin.String
  VALUE_PARAMETER name:examId index:1 type:kotlin.String
  BLOCK_BODY
    VAR name:teacherId type:kotlin.String [val]
      CALL 'public final fun <get-id> (): kotlin.String declared in com.example.apsforfaculty.responses.TeacherDetails' type=kotlin.String origin=GET_PROPERTY
        $this: CALL 'public final fun <get-data> (): com.example.apsforfaculty.responses.TeacherDetails declared in com.example.apsforfaculty.responses.TeacherDetailsResponse' type=com.example.apsforfaculty.responses.TeacherDetails origin=GET_PROPERTY
          $this: CALL 'public final fun getTeacherDetailedInformation (context: android.content.Context): com.example.apsforfaculty.responses.TeacherDetailsResponse declared in com.example.apsforfaculty.classes.PrefsManager.Companion' type=com.example.apsforfaculty.responses.TeacherDetailsResponse origin=null
            $this: GET_FIELD 'FIELD FIELD_FOR_OBJECT_INSTANCE name:Companion type:com.example.apsforfaculty.classes.PrefsManager.Companion visibility:public [final,static] declared in com.example.apsforfaculty.classes.PrefsManager' type=com.example.apsforfaculty.classes.PrefsManager.Companion origin=null
            context: BLOCK type=android.content.Context origin=null
              VAR IR_TEMPORARY_VARIABLE name:tmp0 type:kotlin.Any? [val]
                CALL 'public final fun requireContext (): @[EnhancedNullability] android.content.Context [fake_override] declared in com.example.apsforfaculty.fragments.ViewMarksFragment' type=@[EnhancedNullability] android.content.Context origin=null
                  $this: GET_VAR '<this>: com.example.apsforfaculty.fragments.ViewMarksFragment declared in com.example.apsforfaculty.fragments.ViewMarksFragment.fetchSubjectDetailsAndLoadMarks' type=com.example.apsforfaculty.fragments.ViewMarksFragment origin=null
              CALL 'public final fun checkNotNullExpressionValue (value: kotlin.Any?, expression: kotlin.String): kotlin.Unit declared in kotlin.jvm.internal.Intrinsics' type=kotlin.Unit origin=null
                value: GET_VAR 'val tmp0: kotlin.Any? [val] declared in com.example.apsforfaculty.fragments.ViewMarksFragment.fetchSubjectDetailsAndLoadMarks' type=kotlin.Any? origin=null
                expression: CONST String type=kotlin.String value="requireContext(...)"
              GET_VAR 'val tmp0: kotlin.Any? [val] declared in com.example.apsforfaculty.fragments.ViewMarksFragment.fetchSubjectDetailsAndLoadMarks' type=kotlin.Any? origin=null
    CALL 'public abstract fun enqueue (p0: @[FlexibleNullability] retrofit2.Callback<@[FlexibleNullability] T of retrofit2.Call?>?): kotlin.Unit declared in retrofit2.Call' type=kotlin.Unit origin=null
      $this: CALL 'public abstract fun getAssignedSubjects (contentType: kotlin.String, cookie: kotlin.String, teacherId: kotlin.String): retrofit2.Call<com.example.apsforfaculty.responses.AssignedSubjectResponse> declared in com.example.apsforfaculty.classes.ApiServices.GetAssignedSubjectsApiService' type=retrofit2.Call<com.example.apsforfaculty.responses.AssignedSubjectResponse> origin=null
        $this: CALL 'public final fun <get-assignedSubjectInstance> (): com.example.apsforfaculty.classes.ApiServices.GetAssignedSubjectsApiService declared in com.example.apsforfaculty.classes.ApiClient' type=com.example.apsforfaculty.classes.ApiServices.GetAssignedSubjectsApiService origin=GET_PROPERTY
          $this: GET_FIELD 'FIELD FIELD_FOR_OBJECT_INSTANCE name:INSTANCE type:com.example.apsforfaculty.classes.ApiClient visibility:public [final,static] declared in com.example.apsforfaculty.classes.ApiClient' type=com.example.apsforfaculty.classes.ApiClient origin=null
        contentType: CONST String type=kotlin.String value="application/x-www-form-urlencoded"
        cookie: CONST String type=kotlin.String value="ci_session=YOUR_DYNAMIC_SESSION_ID"
        teacherId: GET_VAR 'val teacherId: kotlin.String [val] declared in com.example.apsforfaculty.fragments.ViewMarksFragment.fetchSubjectDetailsAndLoadMarks' type=kotlin.String origin=null
      p0: BLOCK type=com.example.apsforfaculty.fragments.ViewMarksFragment.fetchSubjectDetailsAndLoadMarks.<no name provided> origin=OBJECT_LITERAL
        CLASS CLASS name:<no name provided> modality:FINAL visibility:local superTypes:[retrofit2.Callback<com.example.apsforfaculty.responses.AssignedSubjectResponse>]
          $this: VALUE_PARAMETER INSTANCE_RECEIVER name:<this> type:com.example.apsforfaculty.fragments.ViewMarksFragment.fetchSubjectDetailsAndLoadMarks.<no name provided>
          CONSTRUCTOR visibility:public/*package*/ <> (this$0:com.example.apsforfaculty.fragments.ViewMarksFragment, $examId:kotlin.String, $chosenSubject:kotlin.String) returnType:com.example.apsforfaculty.fragments.ViewMarksFragment.fetchSubjectDetailsAndLoadMarks.<no name provided> [primary]
            VALUE_PARAMETER BOUND_RECEIVER_PARAMETER name:this$0 index:0 type:com.example.apsforfaculty.fragments.ViewMarksFragment
            VALUE_PARAMETER BOUND_VALUE_PARAMETER name:$examId index:1 type:kotlin.String
            VALUE_PARAMETER BOUND_VALUE_PARAMETER name:$chosenSubject index:2 type:kotlin.String
            BLOCK_BODY
              SET_FIELD 'FIELD FIELD_FOR_CAPTURED_VALUE name:this$0 type:com.example.apsforfaculty.fragments.ViewMarksFragment visibility:public/*package*/ [final] declared in com.example.apsforfaculty.fragments.ViewMarksFragment.fetchSubjectDetailsAndLoadMarks.<no name provided>' type=kotlin.Unit origin=INITIALIZER_OF_FIELD_FOR_CAPTURED_VALUE
                receiver: GET_VAR '<this>: com.example.apsforfaculty.fragments.ViewMarksFragment.fetchSubjectDetailsAndLoadMarks.<no name provided> declared in com.example.apsforfaculty.fragments.ViewMarksFragment.fetchSubjectDetailsAndLoadMarks.<no name provided>' type=com.example.apsforfaculty.fragments.ViewMarksFragment.fetchSubjectDetailsAndLoadMarks.<no name provided> origin=null
                value: GET_VAR 'this$0: com.example.apsforfaculty.fragments.ViewMarksFragment declared in com.example.apsforfaculty.fragments.ViewMarksFragment.fetchSubjectDetailsAndLoadMarks.<no name provided>.<init>' type=com.example.apsforfaculty.fragments.ViewMarksFragment origin=null
              SET_FIELD 'FIELD FIELD_FOR_CAPTURED_VALUE name:$examId type:kotlin.String visibility:public/*package*/ [final] declared in com.example.apsforfaculty.fragments.ViewMarksFragment.fetchSubjectDetailsAndLoadMarks.<no name provided>' type=kotlin.Unit origin=INITIALIZER_OF_FIELD_FOR_CAPTURED_VALUE
                receiver: GET_VAR '<this>: com.example.apsforfaculty.fragments.ViewMarksFragment.fetchSubjectDetailsAndLoadMarks.<no name provided> declared in com.example.apsforfaculty.fragments.ViewMarksFragment.fetchSubjectDetailsAndLoadMarks.<no name provided>' type=com.example.apsforfaculty.fragments.ViewMarksFragment.fetchSubjectDetailsAndLoadMarks.<no name provided> origin=null
                value: GET_VAR '$examId: kotlin.String declared in com.example.apsforfaculty.fragments.ViewMarksFragment.fetchSubjectDetailsAndLoadMarks.<no name provided>.<init>' type=kotlin.String origin=null
              SET_FIELD 'FIELD FIELD_FOR_CAPTURED_VALUE name:$chosenSubject type:kotlin.String visibility:public/*package*/ [final] declared in com.example.apsforfaculty.fragments.ViewMarksFragment.fetchSubjectDetailsAndLoadMarks.<no name provided>' type=kotlin.Unit origin=INITIALIZER_OF_FIELD_FOR_CAPTURED_VALUE
                receiver: GET_VAR '<this>: com.example.apsforfaculty.fragments.ViewMarksFragment.fetchSubjectDetailsAndLoadMarks.<no name provided> declared in com.example.apsforfaculty.fragments.ViewMarksFragment.fetchSubjectDetailsAndLoadMarks.<no name provided>' type=com.example.apsforfaculty.fragments.ViewMarksFragment.fetchSubjectDetailsAndLoadMarks.<no name provided> origin=null
                value: GET_VAR '$chosenSubject: kotlin.String declared in com.example.apsforfaculty.fragments.ViewMarksFragment.fetchSubjectDetailsAndLoadMarks.<no name provided>.<init>' type=kotlin.String origin=null
              DELEGATING_CONSTRUCTOR_CALL 'public constructor <init> () [primary] declared in kotlin.Any'
              BLOCK type=kotlin.Unit origin=null
          FUN name:onResponse visibility:public modality:OPEN <> ($this:com.example.apsforfaculty.fragments.ViewMarksFragment.fetchSubjectDetailsAndLoadMarks.<no name provided>, call:retrofit2.Call<com.example.apsforfaculty.responses.AssignedSubjectResponse>, response:retrofit2.Response<com.example.apsforfaculty.responses.AssignedSubjectResponse>) returnType:kotlin.Unit
            overridden:
              public abstract fun onResponse (p0: @[FlexibleNullability] retrofit2.Call<@[FlexibleNullability] T of retrofit2.Callback?>?, p1: @[FlexibleNullability] retrofit2.Response<@[FlexibleNullability] T of retrofit2.Callback?>?): kotlin.Unit declared in retrofit2.Callback
            $this: VALUE_PARAMETER name:<this> type:com.example.apsforfaculty.fragments.ViewMarksFragment.fetchSubjectDetailsAndLoadMarks.<no name provided>
            VALUE_PARAMETER name:call index:0 type:retrofit2.Call<com.example.apsforfaculty.responses.AssignedSubjectResponse>
            VALUE_PARAMETER name:response index:1 type:retrofit2.Response<com.example.apsforfaculty.responses.AssignedSubjectResponse>
            BLOCK_BODY
              WHEN type=kotlin.Unit origin=IF
                BRANCH
                  if: CALL 'public final fun ANDAND (arg0: kotlin.Boolean, arg1: kotlin.Boolean): kotlin.Boolean declared in kotlin.internal.ir' type=kotlin.Boolean origin=null
                    arg0: CALL 'public open fun isSuccessful (): kotlin.Boolean declared in retrofit2.Response' type=kotlin.Boolean origin=GET_PROPERTY
                      $this: GET_VAR 'response: retrofit2.Response<com.example.apsforfaculty.responses.AssignedSubjectResponse> declared in com.example.apsforfaculty.fragments.ViewMarksFragment.fetchSubjectDetailsAndLoadMarks.<no name provided>.onResponse' type=retrofit2.Response<com.example.apsforfaculty.responses.AssignedSubjectResponse> origin=null
                    arg1: BLOCK type=kotlin.Boolean origin=null
                      WHEN type=kotlin.Boolean origin=FOLDED_SAFE_CALL
                        BRANCH
                          if: COMPOSITE type=kotlin.Boolean origin=null
                            VAR IR_TEMPORARY_VARIABLE name:tmp2_safe_receiver type:@[EnhancedNullability] com.example.apsforfaculty.responses.AssignedSubjectResponse? [val]
                              CALL 'public open fun body (): @[EnhancedNullability] T of retrofit2.Response? declared in retrofit2.Response' type=@[EnhancedNullability] com.example.apsforfaculty.responses.AssignedSubjectResponse? origin=null
                                $this: GET_VAR 'response: retrofit2.Response<com.example.apsforfaculty.responses.AssignedSubjectResponse> declared in com.example.apsforfaculty.fragments.ViewMarksFragment.fetchSubjectDetailsAndLoadMarks.<no name provided>.onResponse' type=retrofit2.Response<com.example.apsforfaculty.responses.AssignedSubjectResponse> origin=null
                            CALL 'public final fun not (): kotlin.Boolean [operator] declared in kotlin.Boolean' type=kotlin.Boolean origin=null
                              $this: CALL 'public final fun EQEQ (arg0: kotlin.Any?, arg1: kotlin.Any?): kotlin.Boolean declared in kotlin.internal.ir' type=kotlin.Boolean origin=null
                                arg0: GET_VAR 'val tmp2_safe_receiver: @[EnhancedNullability] com.example.apsforfaculty.responses.AssignedSubjectResponse? [val] declared in com.example.apsforfaculty.fragments.ViewMarksFragment.fetchSubjectDetailsAndLoadMarks.<no name provided>.onResponse' type=@[EnhancedNullability] com.example.apsforfaculty.responses.AssignedSubjectResponse? origin=null
                                arg1: CONST Null type=kotlin.Nothing? value=null
                          then: CALL 'public final fun EQEQ (arg0: kotlin.Any?, arg1: kotlin.Any?): kotlin.Boolean declared in kotlin.internal.ir' type=kotlin.Boolean origin=EQEQ
                            arg0: CALL 'public final fun <get-status> (): kotlin.Int declared in com.example.apsforfaculty.responses.AssignedSubjectResponse' type=kotlin.Int origin=GET_PROPERTY
                              $this: GET_VAR 'val tmp2_safe_receiver: @[EnhancedNullability] com.example.apsforfaculty.responses.AssignedSubjectResponse? [val] declared in com.example.apsforfaculty.fragments.ViewMarksFragment.fetchSubjectDetailsAndLoadMarks.<no name provided>.onResponse' type=@[EnhancedNullability] com.example.apsforfaculty.responses.AssignedSubjectResponse? origin=null
                            arg1: CONST Int type=kotlin.Int value=1
                        BRANCH
                          if: CONST Boolean type=kotlin.Boolean value=true
                          then: CONST Boolean type=kotlin.Boolean value=false
                  then: BLOCK type=kotlin.Unit origin=null
                    VAR name:foundSubject type:com.example.apsforfaculty.responses.AssignedSubjectData? [val]
                      BLOCK type=com.example.apsforfaculty.responses.AssignedSubjectData? origin=FOLDED_SAFE_CALL
                        WHEN type=com.example.apsforfaculty.responses.AssignedSubjectData? origin=FOLDED_SAFE_CALL
                          BRANCH
                            if: CALL 'public final fun ANDAND (arg0: kotlin.Boolean, arg1: kotlin.Boolean): kotlin.Boolean declared in kotlin.internal.ir' type=kotlin.Boolean origin=null
                              arg0: COMPOSITE type=kotlin.Boolean origin=null
                                VAR IR_TEMPORARY_VARIABLE name:tmp0_safe_receiver type:@[EnhancedNullability] com.example.apsforfaculty.responses.AssignedSubjectResponse? [val]
                                  CALL 'public open fun body (): @[EnhancedNullability] T of retrofit2.Response? declared in retrofit2.Response' type=@[EnhancedNullability] com.example.apsforfaculty.responses.AssignedSubjectResponse? origin=null
                                    $this: GET_VAR 'response: retrofit2.Response<com.example.apsforfaculty.responses.AssignedSubjectResponse> declared in com.example.apsforfaculty.fragments.ViewMarksFragment.fetchSubjectDetailsAndLoadMarks.<no name provided>.onResponse' type=retrofit2.Response<com.example.apsforfaculty.responses.AssignedSubjectResponse> origin=null
                                CALL 'public final fun not (): kotlin.Boolean [operator] declared in kotlin.Boolean' type=kotlin.Boolean origin=null
                                  $this: CALL 'public final fun EQEQ (arg0: kotlin.Any?, arg1: kotlin.Any?): kotlin.Boolean declared in kotlin.internal.ir' type=kotlin.Boolean origin=null
                                    arg0: GET_VAR 'val tmp0_safe_receiver: @[EnhancedNullability] com.example.apsforfaculty.responses.AssignedSubjectResponse? [val] declared in com.example.apsforfaculty.fragments.ViewMarksFragment.fetchSubjectDetailsAndLoadMarks.<no name provided>.onResponse' type=@[EnhancedNullability] com.example.apsforfaculty.responses.AssignedSubjectResponse? origin=null
                                    arg1: CONST Null type=kotlin.Nothing? value=null
                              arg1: COMPOSITE type=kotlin.Boolean origin=null
                                VAR IR_TEMPORARY_VARIABLE name:tmp1_safe_receiver type:kotlin.collections.List<com.example.apsforfaculty.responses.AssignedSubjectData> [val]
                                  CALL 'public final fun <get-data> (): kotlin.collections.List<com.example.apsforfaculty.responses.AssignedSubjectData> declared in com.example.apsforfaculty.responses.AssignedSubjectResponse' type=kotlin.collections.List<com.example.apsforfaculty.responses.AssignedSubjectData> origin=GET_PROPERTY
                                    $this: GET_VAR 'val tmp0_safe_receiver: @[EnhancedNullability] com.example.apsforfaculty.responses.AssignedSubjectResponse? [val] declared in com.example.apsforfaculty.fragments.ViewMarksFragment.fetchSubjectDetailsAndLoadMarks.<no name provided>.onResponse' type=@[EnhancedNullability] com.example.apsforfaculty.responses.AssignedSubjectResponse? origin=null
                                CALL 'public final fun not (): kotlin.Boolean [operator] declared in kotlin.Boolean' type=kotlin.Boolean origin=null
                                  $this: CALL 'public final fun EQEQ (arg0: kotlin.Any?, arg1: kotlin.Any?): kotlin.Boolean declared in kotlin.internal.ir' type=kotlin.Boolean origin=null
                                    arg0: GET_VAR 'val tmp1_safe_receiver: kotlin.collections.List<com.example.apsforfaculty.responses.AssignedSubjectData> [val] declared in com.example.apsforfaculty.fragments.ViewMarksFragment.fetchSubjectDetailsAndLoadMarks.<no name provided>.onResponse' type=kotlin.collections.List<com.example.apsforfaculty.responses.AssignedSubjectData> origin=null
                                    arg1: CONST Null type=kotlin.Nothing? value=null
                            then: CALL 'public final fun find <T> (predicate: kotlin.Function1<T of kotlin.collections.CollectionsKt.find, kotlin.Boolean>): T of kotlin.collections.CollectionsKt.find? [inline] declared in kotlin.collections.CollectionsKt' type=com.example.apsforfaculty.responses.AssignedSubjectData? origin=null
                              <T>: com.example.apsforfaculty.responses.AssignedSubjectData
                              $receiver: GET_VAR 'val tmp1_safe_receiver: kotlin.collections.List<com.example.apsforfaculty.responses.AssignedSubjectData> [val] declared in com.example.apsforfaculty.fragments.ViewMarksFragment.fetchSubjectDetailsAndLoadMarks.<no name provided>.onResponse' type=kotlin.collections.List<com.example.apsforfaculty.responses.AssignedSubjectData>? origin=null
                              predicate: BLOCK type=kotlin.Function1<com.example.apsforfaculty.responses.AssignedSubjectData, kotlin.Boolean> origin=LAMBDA
                                COMPOSITE type=kotlin.Unit origin=null
                                FUNCTION_REFERENCE 'private final fun onResponse$lambda$0 ($chosenSubject: kotlin.String, it: com.example.apsforfaculty.responses.AssignedSubjectData): kotlin.Boolean declared in com.example.apsforfaculty.fragments.ViewMarksFragment.fetchSubjectDetailsAndLoadMarks.<no name provided>' type=kotlin.Function1<com.example.apsforfaculty.responses.AssignedSubjectData, kotlin.Boolean> origin=INLINE_LAMBDA reflectionTarget=null
                                  $chosenSubject: GET_FIELD 'FIELD FIELD_FOR_CAPTURED_VALUE name:$chosenSubject type:kotlin.String visibility:public/*package*/ [final] declared in com.example.apsforfaculty.fragments.ViewMarksFragment.fetchSubjectDetailsAndLoadMarks.<no name provided>' type=kotlin.String origin=null
                                    receiver: GET_VAR '<this>: com.example.apsforfaculty.fragments.ViewMarksFragment.fetchSubjectDetailsAndLoadMarks.<no name provided> declared in com.example.apsforfaculty.fragments.ViewMarksFragment.fetchSubjectDetailsAndLoadMarks.<no name provided>.onResponse' type=com.example.apsforfaculty.fragments.ViewMarksFragment.fetchSubjectDetailsAndLoadMarks.<no name provided> origin=null
                          BRANCH
                            if: CONST Boolean type=kotlin.Boolean value=true
                            then: CONST Null type=kotlin.Nothing? value=null
                    WHEN type=kotlin.Unit origin=IF
                      BRANCH
                        if: CALL 'public final fun not (): kotlin.Boolean [operator] declared in kotlin.Boolean' type=kotlin.Boolean origin=EXCLEQ
                          $this: CALL 'public final fun EQEQ (arg0: kotlin.Any?, arg1: kotlin.Any?): kotlin.Boolean declared in kotlin.internal.ir' type=kotlin.Boolean origin=EXCLEQ
                            arg0: GET_VAR 'val foundSubject: com.example.apsforfaculty.responses.AssignedSubjectData? [val] declared in com.example.apsforfaculty.fragments.ViewMarksFragment.fetchSubjectDetailsAndLoadMarks.<no name provided>.onResponse' type=com.example.apsforfaculty.responses.AssignedSubjectData? origin=null
                            arg1: CONST Null type=kotlin.Nothing? value=null
                        then: BLOCK type=kotlin.Unit origin=null
                          COMPOSITE type=kotlin.Unit origin=null
                            CALL 'public open fun d (p0: @[EnhancedNullability] kotlin.String?, p1: @[EnhancedNullability] kotlin.String): kotlin.Int declared in android.util.Log' type=kotlin.Int origin=null
                              p0: CONST String type=kotlin.String value="ViewMarksFragment"
                              p1: STRING_CONCATENATION type=kotlin.String
                                CONST String type=kotlin.String value="Found subject: sst_id="
                                CALL 'public final fun <get-sst_id> (): kotlin.String declared in com.example.apsforfaculty.responses.AssignedSubjectData' type=kotlin.String origin=GET_PROPERTY
                                  $this: GET_VAR 'val foundSubject: com.example.apsforfaculty.responses.AssignedSubjectData? [val] declared in com.example.apsforfaculty.fragments.ViewMarksFragment.fetchSubjectDetailsAndLoadMarks.<no name provided>.onResponse' type=com.example.apsforfaculty.responses.AssignedSubjectData? origin=null
                                CONST String type=kotlin.String value=", section_id="
                                CALL 'public final fun <get-section_id> (): kotlin.String declared in com.example.apsforfaculty.responses.AssignedSubjectData' type=kotlin.String origin=GET_PROPERTY
                                  $this: GET_VAR 'val foundSubject: com.example.apsforfaculty.responses.AssignedSubjectData? [val] declared in com.example.apsforfaculty.fragments.ViewMarksFragment.fetchSubjectDetailsAndLoadMarks.<no name provided>.onResponse' type=com.example.apsforfaculty.responses.AssignedSubjectData? origin=null
                            COMPOSITE type=kotlin.Unit origin=null
                          CALL 'public final fun access$loadMarks ($this: com.example.apsforfaculty.fragments.ViewMarksFragment, examId: kotlin.String, sectionId: kotlin.String, sstId: kotlin.String): kotlin.Unit declared in com.example.apsforfaculty.fragments.ViewMarksFragment' type=kotlin.Unit origin=null
                            $this: GET_FIELD 'FIELD FIELD_FOR_CAPTURED_VALUE name:this$0 type:com.example.apsforfaculty.fragments.ViewMarksFragment visibility:public/*package*/ [final] declared in com.example.apsforfaculty.fragments.ViewMarksFragment.fetchSubjectDetailsAndLoadMarks.<no name provided>' type=com.example.apsforfaculty.fragments.ViewMarksFragment origin=null
                              receiver: GET_VAR '<this>: com.example.apsforfaculty.fragments.ViewMarksFragment.fetchSubjectDetailsAndLoadMarks.<no name provided> declared in com.example.apsforfaculty.fragments.ViewMarksFragment.fetchSubjectDetailsAndLoadMarks.<no name provided>.onResponse' type=com.example.apsforfaculty.fragments.ViewMarksFragment.fetchSubjectDetailsAndLoadMarks.<no name provided> origin=null
                            examId: GET_FIELD 'FIELD FIELD_FOR_CAPTURED_VALUE name:$examId type:kotlin.String visibility:public/*package*/ [final] declared in com.example.apsforfaculty.fragments.ViewMarksFragment.fetchSubjectDetailsAndLoadMarks.<no name provided>' type=kotlin.String origin=null
                              receiver: GET_VAR '<this>: com.example.apsforfaculty.fragments.ViewMarksFragment.fetchSubjectDetailsAndLoadMarks.<no name provided> declared in com.example.apsforfaculty.fragments.ViewMarksFragment.fetchSubjectDetailsAndLoadMarks.<no name provided>.onResponse' type=com.example.apsforfaculty.fragments.ViewMarksFragment.fetchSubjectDetailsAndLoadMarks.<no name provided> origin=null
                            sectionId: CALL 'public final fun <get-section_id> (): kotlin.String declared in com.example.apsforfaculty.responses.AssignedSubjectData' type=kotlin.String origin=GET_PROPERTY
                              $this: GET_VAR 'val foundSubject: com.example.apsforfaculty.responses.AssignedSubjectData? [val] declared in com.example.apsforfaculty.fragments.ViewMarksFragment.fetchSubjectDetailsAndLoadMarks.<no name provided>.onResponse' type=com.example.apsforfaculty.responses.AssignedSubjectData? origin=null
                            sstId: CALL 'public final fun <get-sst_id> (): kotlin.String declared in com.example.apsforfaculty.responses.AssignedSubjectData' type=kotlin.String origin=GET_PROPERTY
                              $this: GET_VAR 'val foundSubject: com.example.apsforfaculty.responses.AssignedSubjectData? [val] declared in com.example.apsforfaculty.fragments.ViewMarksFragment.fetchSubjectDetailsAndLoadMarks.<no name provided>.onResponse' type=com.example.apsforfaculty.responses.AssignedSubjectData? origin=null
                      BRANCH
                        if: CONST Boolean type=kotlin.Boolean value=true
                        then: BLOCK type=kotlin.Unit origin=null
                          COMPOSITE type=kotlin.Unit origin=null
                            CALL 'public open fun d (p0: @[EnhancedNullability] kotlin.String?, p1: @[EnhancedNullability] kotlin.String): kotlin.Int declared in android.util.Log' type=kotlin.Int origin=null
                              p0: CONST String type=kotlin.String value="ViewMarksFragment"
                              p1: STRING_CONCATENATION type=kotlin.String
                                CONST String type=kotlin.String value="Found subject: sst_id="
                                CALL 'public final fun <get-sst_id> (): kotlin.String [fake_override] declared in kotlin.Nothing' type=kotlin.String origin=GET_PROPERTY
                                  $this: BLOCK type=kotlin.Nothing origin=null
                                    CALL 'public final fun CHECK_NOT_NULL <T0> (arg0: T0 of kotlin.internal.ir.CHECK_NOT_NULL?): {T0 of kotlin.internal.ir.CHECK_NOT_NULL & Any} declared in kotlin.internal.ir' type=kotlin.Nothing origin=EXCLEXCL
                                      <T0>: kotlin.Nothing
                                      arg0: GET_VAR 'val foundSubject: com.example.apsforfaculty.responses.AssignedSubjectData? [val] declared in com.example.apsforfaculty.fragments.ViewMarksFragment.fetchSubjectDetailsAndLoadMarks.<no name provided>.onResponse' type=com.example.apsforfaculty.responses.AssignedSubjectData? origin=null
                                    CALL 'public final fun throwKotlinNothingValueException (): kotlin.Nothing declared in kotlin.jvm.internal.Intrinsics' type=kotlin.Nothing origin=null
                                CONST String type=kotlin.String value=", section_id="
                                CALL 'public final fun <get-section_id> (): kotlin.String declared in com.example.apsforfaculty.responses.AssignedSubjectData' type=kotlin.String origin=GET_PROPERTY
                                  $this: TYPE_OP type=kotlin.Nothing origin=IMPLICIT_CAST typeOperand=kotlin.Nothing
                                    GET_VAR 'val foundSubject: com.example.apsforfaculty.responses.AssignedSubjectData? [val] declared in com.example.apsforfaculty.fragments.ViewMarksFragment.fetchSubjectDetailsAndLoadMarks.<no name provided>.onResponse' type=com.example.apsforfaculty.responses.AssignedSubjectData? origin=null
                            COMPOSITE type=kotlin.Unit origin=null
                          CALL 'public open fun show (): kotlin.Unit declared in com.google.android.material.snackbar.Snackbar' type=kotlin.Unit origin=null
                            $this: CALL 'public open fun make (p0: @[EnhancedNullability] android.view.View, p1: @[EnhancedNullability] kotlin.CharSequence, p2: kotlin.Int): @[EnhancedNullability] com.google.android.material.snackbar.Snackbar declared in com.google.android.material.snackbar.Snackbar' type=@[EnhancedNullability] com.google.android.material.snackbar.Snackbar origin=null
                              p0: CALL 'public open fun getRoot (): @[EnhancedNullability] android.widget.FrameLayout declared in com.example.apsforfaculty.databinding.FragmentViewMarksBinding' type=@[EnhancedNullability] android.widget.FrameLayout origin=GET_PROPERTY
                                $this: CALL 'public final fun access$getBinding ($this: com.example.apsforfaculty.fragments.ViewMarksFragment): com.example.apsforfaculty.databinding.FragmentViewMarksBinding declared in com.example.apsforfaculty.fragments.ViewMarksFragment' type=com.example.apsforfaculty.databinding.FragmentViewMarksBinding origin=GET_PROPERTY
                                  $this: GET_FIELD 'FIELD FIELD_FOR_CAPTURED_VALUE name:this$0 type:com.example.apsforfaculty.fragments.ViewMarksFragment visibility:public/*package*/ [final] declared in com.example.apsforfaculty.fragments.ViewMarksFragment.fetchSubjectDetailsAndLoadMarks.<no name provided>' type=com.example.apsforfaculty.fragments.ViewMarksFragment origin=null
                                    receiver: GET_VAR '<this>: com.example.apsforfaculty.fragments.ViewMarksFragment.fetchSubjectDetailsAndLoadMarks.<no name provided> declared in com.example.apsforfaculty.fragments.ViewMarksFragment.fetchSubjectDetailsAndLoadMarks.<no name provided>.onResponse' type=com.example.apsforfaculty.fragments.ViewMarksFragment.fetchSubjectDetailsAndLoadMarks.<no name provided> origin=null
                              p1: STRING_CONCATENATION type=kotlin.String
                                CONST String type=kotlin.String value="Details for '"
                                GET_FIELD 'FIELD FIELD_FOR_CAPTURED_VALUE name:$chosenSubject type:kotlin.String visibility:public/*package*/ [final] declared in com.example.apsforfaculty.fragments.ViewMarksFragment.fetchSubjectDetailsAndLoadMarks.<no name provided>' type=kotlin.String origin=null
                                  receiver: GET_VAR '<this>: com.example.apsforfaculty.fragments.ViewMarksFragment.fetchSubjectDetailsAndLoadMarks.<no name provided> declared in com.example.apsforfaculty.fragments.ViewMarksFragment.fetchSubjectDetailsAndLoadMarks.<no name provided>.onResponse' type=com.example.apsforfaculty.fragments.ViewMarksFragment.fetchSubjectDetailsAndLoadMarks.<no name provided> origin=null
                                CONST String type=kotlin.String value="' not found."
                              p2: CONST Int type=kotlin.Int value=0
                BRANCH
                  if: CONST Boolean type=kotlin.Boolean value=true
                  then: BLOCK type=kotlin.Unit origin=null
                    VAR name:errorMsg type:kotlin.String [val]
                      BLOCK type=kotlin.String origin=FOLDED_ELVIS
                        WHEN type=kotlin.String origin=FOLDED_ELVIS
                          BRANCH
                            if: CALL 'public final fun ANDAND (arg0: kotlin.Boolean, arg1: kotlin.Boolean): kotlin.Boolean declared in kotlin.internal.ir' type=kotlin.Boolean origin=null
                              arg0: COMPOSITE type=kotlin.Boolean origin=null
                                VAR IR_TEMPORARY_VARIABLE name:tmp3_safe_receiver type:@[EnhancedNullability] com.example.apsforfaculty.responses.AssignedSubjectResponse? [val]
                                  CALL 'public open fun body (): @[EnhancedNullability] T of retrofit2.Response? declared in retrofit2.Response' type=@[EnhancedNullability] com.example.apsforfaculty.responses.AssignedSubjectResponse? origin=null
                                    $this: GET_VAR 'response: retrofit2.Response<com.example.apsforfaculty.responses.AssignedSubjectResponse> declared in com.example.apsforfaculty.fragments.ViewMarksFragment.fetchSubjectDetailsAndLoadMarks.<no name provided>.onResponse' type=retrofit2.Response<com.example.apsforfaculty.responses.AssignedSubjectResponse> origin=null
                                CALL 'public final fun not (): kotlin.Boolean [operator] declared in kotlin.Boolean' type=kotlin.Boolean origin=null
                                  $this: CALL 'public final fun EQEQ (arg0: kotlin.Any?, arg1: kotlin.Any?): kotlin.Boolean declared in kotlin.internal.ir' type=kotlin.Boolean origin=null
                                    arg0: GET_VAR 'val tmp3_safe_receiver: @[EnhancedNullability] com.example.apsforfaculty.responses.AssignedSubjectResponse? [val] declared in com.example.apsforfaculty.fragments.ViewMarksFragment.fetchSubjectDetailsAndLoadMarks.<no name provided>.onResponse' type=@[EnhancedNullability] com.example.apsforfaculty.responses.AssignedSubjectResponse? origin=null
                                    arg1: CONST Null type=kotlin.Nothing? value=null
                              arg1: COMPOSITE type=kotlin.Boolean origin=null
                                VAR IR_TEMPORARY_VARIABLE name:tmp4_elvis_lhs type:kotlin.String [val]
                                  CALL 'public final fun <get-Msg> (): kotlin.String declared in com.example.apsforfaculty.responses.AssignedSubjectResponse' type=kotlin.String origin=GET_PROPERTY
                                    $this: GET_VAR 'val tmp3_safe_receiver: @[EnhancedNullability] com.example.apsforfaculty.responses.AssignedSubjectResponse? [val] declared in com.example.apsforfaculty.fragments.ViewMarksFragment.fetchSubjectDetailsAndLoadMarks.<no name provided>.onResponse' type=@[EnhancedNullability] com.example.apsforfaculty.responses.AssignedSubjectResponse? origin=null
                                CALL 'public final fun not (): kotlin.Boolean [operator] declared in kotlin.Boolean' type=kotlin.Boolean origin=null
                                  $this: CALL 'public final fun EQEQ (arg0: kotlin.Any?, arg1: kotlin.Any?): kotlin.Boolean declared in kotlin.internal.ir' type=kotlin.Boolean origin=null
                                    arg0: GET_VAR 'val tmp4_elvis_lhs: kotlin.String [val] declared in com.example.apsforfaculty.fragments.ViewMarksFragment.fetchSubjectDetailsAndLoadMarks.<no name provided>.onResponse' type=kotlin.String origin=null
                                    arg1: CONST Null type=kotlin.Nothing? value=null
                            then: GET_VAR 'val tmp4_elvis_lhs: kotlin.String [val] declared in com.example.apsforfaculty.fragments.ViewMarksFragment.fetchSubjectDetailsAndLoadMarks.<no name provided>.onResponse' type=kotlin.String origin=null
                          BRANCH
                            if: CONST Boolean type=kotlin.Boolean value=true
                            then: CONST String type=kotlin.String value="Failed to get subject details."
                    CALL 'public open fun show (): kotlin.Unit declared in com.google.android.material.snackbar.Snackbar' type=kotlin.Unit origin=null
                      $this: CALL 'public open fun make (p0: @[EnhancedNullability] android.view.View, p1: @[EnhancedNullability] kotlin.CharSequence, p2: kotlin.Int): @[EnhancedNullability] com.google.android.material.snackbar.Snackbar declared in com.google.android.material.snackbar.Snackbar' type=@[EnhancedNullability] com.google.android.material.snackbar.Snackbar origin=null
                        p0: CALL 'public open fun getRoot (): @[EnhancedNullability] android.widget.FrameLayout declared in com.example.apsforfaculty.databinding.FragmentViewMarksBinding' type=@[EnhancedNullability] android.widget.FrameLayout origin=GET_PROPERTY
                          $this: CALL 'public final fun access$getBinding ($this: com.example.apsforfaculty.fragments.ViewMarksFragment): com.example.apsforfaculty.databinding.FragmentViewMarksBinding declared in com.example.apsforfaculty.fragments.ViewMarksFragment' type=com.example.apsforfaculty.databinding.FragmentViewMarksBinding origin=GET_PROPERTY
                            $this: GET_FIELD 'FIELD FIELD_FOR_CAPTURED_VALUE name:this$0 type:com.example.apsforfaculty.fragments.ViewMarksFragment visibility:public/*package*/ [final] declared in com.example.apsforfaculty.fragments.ViewMarksFragment.fetchSubjectDetailsAndLoadMarks.<no name provided>' type=com.example.apsforfaculty.fragments.ViewMarksFragment origin=null
                              receiver: GET_VAR '<this>: com.example.apsforfaculty.fragments.ViewMarksFragment.fetchSubjectDetailsAndLoadMarks.<no name provided> declared in com.example.apsforfaculty.fragments.ViewMarksFragment.fetchSubjectDetailsAndLoadMarks.<no name provided>.onResponse' type=com.example.apsforfaculty.fragments.ViewMarksFragment.fetchSubjectDetailsAndLoadMarks.<no name provided> origin=null
                        p1: GET_VAR 'val errorMsg: kotlin.String [val] declared in com.example.apsforfaculty.fragments.ViewMarksFragment.fetchSubjectDetailsAndLoadMarks.<no name provided>.onResponse' type=kotlin.String origin=null
                        p2: CONST Int type=kotlin.Int value=0
          FUN name:onFailure visibility:public modality:OPEN <> ($this:com.example.apsforfaculty.fragments.ViewMarksFragment.fetchSubjectDetailsAndLoadMarks.<no name provided>, call:retrofit2.Call<com.example.apsforfaculty.responses.AssignedSubjectResponse>, t:kotlin.Throwable) returnType:kotlin.Unit
            overridden:
              public abstract fun onFailure (p0: @[FlexibleNullability] retrofit2.Call<@[FlexibleNullability] T of retrofit2.Callback?>?, p1: @[FlexibleNullability] kotlin.Throwable?): kotlin.Unit declared in retrofit2.Callback
            $this: VALUE_PARAMETER name:<this> type:com.example.apsforfaculty.fragments.ViewMarksFragment.fetchSubjectDetailsAndLoadMarks.<no name provided>
            VALUE_PARAMETER name:call index:0 type:retrofit2.Call<com.example.apsforfaculty.responses.AssignedSubjectResponse>
            VALUE_PARAMETER name:t index:1 type:kotlin.Throwable
            BLOCK_BODY
              COMPOSITE type=kotlin.Unit origin=null
                CALL 'public open fun e (p0: @[EnhancedNullability] kotlin.String?, p1: @[EnhancedNullability] kotlin.String?, p2: @[EnhancedNullability] kotlin.Throwable?): kotlin.Int declared in android.util.Log' type=kotlin.Int origin=null
                  p0: CONST String type=kotlin.String value="ViewMarksFragment"
                  p1: CONST String type=kotlin.String value="onFailure: getAssignedSubjects"
                  p2: GET_VAR 't: kotlin.Throwable declared in com.example.apsforfaculty.fragments.ViewMarksFragment.fetchSubjectDetailsAndLoadMarks.<no name provided>.onFailure' type=kotlin.Throwable origin=null
                COMPOSITE type=kotlin.Unit origin=null
              CALL 'public open fun show (): kotlin.Unit declared in android.widget.Toast' type=kotlin.Unit origin=null
                $this: CALL 'public open fun makeText (p0: @[FlexibleNullability] android.content.Context?, p1: @[FlexibleNullability] kotlin.CharSequence?, p2: kotlin.Int): @[FlexibleNullability] android.widget.Toast? declared in android.widget.Toast' type=@[FlexibleNullability] android.widget.Toast? origin=null
                  p0: CALL 'public final fun requireContext (): @[EnhancedNullability] android.content.Context [fake_override] declared in com.example.apsforfaculty.fragments.ViewMarksFragment' type=@[EnhancedNullability] android.content.Context origin=null
                    $this: GET_FIELD 'FIELD FIELD_FOR_CAPTURED_VALUE name:this$0 type:com.example.apsforfaculty.fragments.ViewMarksFragment visibility:public/*package*/ [final] declared in com.example.apsforfaculty.fragments.ViewMarksFragment.fetchSubjectDetailsAndLoadMarks.<no name provided>' type=com.example.apsforfaculty.fragments.ViewMarksFragment origin=null
                      receiver: GET_VAR '<this>: com.example.apsforfaculty.fragments.ViewMarksFragment.fetchSubjectDetailsAndLoadMarks.<no name provided> declared in com.example.apsforfaculty.fragments.ViewMarksFragment.fetchSubjectDetailsAndLoadMarks.<no name provided>.onFailure' type=com.example.apsforfaculty.fragments.ViewMarksFragment.fetchSubjectDetailsAndLoadMarks.<no name provided> origin=null
                  p1: CONST String type=kotlin.String value="Network error. Please try again."
                  p2: CONST Int type=kotlin.Int value=0
          FUN FAKE_OVERRIDE name:equals visibility:public modality:OPEN <> ($this:kotlin.Any, other:kotlin.Any?) returnType:kotlin.Boolean [fake_override,operator]
            overridden:
              public open fun equals (other: kotlin.Any?): kotlin.Boolean [fake_override,operator] declared in retrofit2.Callback
            $this: VALUE_PARAMETER name:<this> type:kotlin.Any
            VALUE_PARAMETER name:other index:0 type:kotlin.Any?
          FUN FAKE_OVERRIDE name:hashCode visibility:public modality:OPEN <> ($this:kotlin.Any) returnType:kotlin.Int [fake_override]
            overridden:
              public open fun hashCode (): kotlin.Int [fake_override] declared in retrofit2.Callback
            $this: VALUE_PARAMETER name:<this> type:kotlin.Any
          FUN FAKE_OVERRIDE name:toString visibility:public modality:OPEN <> ($this:kotlin.Any) returnType:kotlin.String [fake_override]
            overridden:
              public open fun toString (): kotlin.String [fake_override] declared in retrofit2.Callback
            $this: VALUE_PARAMETER name:<this> type:kotlin.Any
          FIELD FIELD_FOR_CAPTURED_VALUE name:this$0 type:com.example.apsforfaculty.fragments.ViewMarksFragment visibility:public/*package*/ [final]
          FIELD FIELD_FOR_CAPTURED_VALUE name:$examId type:kotlin.String visibility:public/*package*/ [final]
          FIELD FIELD_FOR_CAPTURED_VALUE name:$chosenSubject type:kotlin.String visibility:public/*package*/ [final]
          FUN INLINE_LAMBDA name:onResponse$lambda$0 visibility:private modality:FINAL <> ($chosenSubject:kotlin.String, it:com.example.apsforfaculty.responses.AssignedSubjectData) returnType:kotlin.Boolean
            VALUE_PARAMETER BOUND_VALUE_PARAMETER name:$chosenSubject index:0 type:kotlin.String
            VALUE_PARAMETER name:it index:1 type:com.example.apsforfaculty.responses.AssignedSubjectData
            BLOCK_BODY
              VAR name:$i$a$-find-ViewMarksFragment$fetchSubjectDetailsAndLoadMarks$1$onResponse$foundSubject$1 type:kotlin.Int [val]
                CONST Int type=kotlin.Int value=0
              RETURN type=kotlin.Nothing from='private final fun onResponse$lambda$0 ($chosenSubject: kotlin.String, it: com.example.apsforfaculty.responses.AssignedSubjectData): kotlin.Boolean declared in com.example.apsforfaculty.fragments.ViewMarksFragment.fetchSubjectDetailsAndLoadMarks.<no name provided>'
                CALL 'public final fun equals (other: kotlin.String?, ignoreCase: kotlin.Boolean): kotlin.Boolean declared in kotlin.text.StringsKt' type=kotlin.Boolean origin=null
                  $receiver: CALL 'public final fun trim (): kotlin.String [inline] declared in kotlin.text.StringsKt' type=kotlin.String origin=null
                    $receiver: CALL 'public final fun <get-sub_name> (): kotlin.String declared in com.example.apsforfaculty.responses.AssignedSubjectData' type=kotlin.String origin=GET_PROPERTY
                      $this: GET_VAR 'it: com.example.apsforfaculty.responses.AssignedSubjectData declared in com.example.apsforfaculty.fragments.ViewMarksFragment.fetchSubjectDetailsAndLoadMarks.<no name provided>.onResponse$lambda$0' type=com.example.apsforfaculty.responses.AssignedSubjectData origin=null
                  other: GET_VAR '$chosenSubject: kotlin.String declared in com.example.apsforfaculty.fragments.ViewMarksFragment.fetchSubjectDetailsAndLoadMarks.<no name provided>.onResponse$lambda$0' type=kotlin.String origin=null
                  ignoreCase: CONST Boolean type=kotlin.Boolean value=true
        BLOCK type=com.example.apsforfaculty.fragments.ViewMarksFragment.fetchSubjectDetailsAndLoadMarks.<no name provided> origin=null
          CONSTRUCTOR_CALL 'public/*package*/ constructor <init> (this$0: com.example.apsforfaculty.fragments.ViewMarksFragment, $examId: kotlin.String, $chosenSubject: kotlin.String) [primary] declared in com.example.apsforfaculty.fragments.ViewMarksFragment.fetchSubjectDetailsAndLoadMarks.<no name provided>' type=com.example.apsforfaculty.fragments.ViewMarksFragment.fetchSubjectDetailsAndLoadMarks.<no name provided> origin=OBJECT_LITERAL
            this$0: GET_VAR '<this>: com.example.apsforfaculty.fragments.ViewMarksFragment declared in com.example.apsforfaculty.fragments.ViewMarksFragment.fetchSubjectDetailsAndLoadMarks' type=com.example.apsforfaculty.fragments.ViewMarksFragment origin=null
            $examId: GET_VAR 'examId: kotlin.String declared in com.example.apsforfaculty.fragments.ViewMarksFragment.fetchSubjectDetailsAndLoadMarks' type=kotlin.String origin=null
            $chosenSubject: GET_VAR 'chosenSubject: kotlin.String declared in com.example.apsforfaculty.fragments.ViewMarksFragment.fetchSubjectDetailsAndLoadMarks' type=kotlin.String origin=null

	at org.jetbrains.kotlin.backend.jvm.codegen.FunctionCodegen.generate(FunctionCodegen.kt:47)
	at org.jetbrains.kotlin.backend.jvm.codegen.FunctionCodegen.generate$default(FunctionCodegen.kt:40)
	at org.jetbrains.kotlin.backend.jvm.codegen.ClassCodegen.generateMethodNode(ClassCodegen.kt:406)
	at org.jetbrains.kotlin.backend.jvm.codegen.ClassCodegen.generateMethod(ClassCodegen.kt:423)
	at org.jetbrains.kotlin.backend.jvm.codegen.ClassCodegen.generate(ClassCodegen.kt:168)
	at org.jetbrains.kotlin.backend.jvm.FileCodegen.lower(JvmPhases.kt:39)
	at org.jetbrains.kotlin.backend.common.phaser.PhaseFactoriesKt.createFilePhase$lambda$4(PhaseFactories.kt:71)
	at org.jetbrains.kotlin.backend.common.phaser.PhaseBuildersKt$createSimpleNamedCompilerPhase$1.phaseBody(PhaseBuilders.kt:69)
	at org.jetbrains.kotlin.backend.common.phaser.SimpleNamedCompilerPhase.phaseBody(CompilerPhase.kt:226)
	at org.jetbrains.kotlin.backend.common.phaser.AbstractNamedCompilerPhase.invoke(CompilerPhase.kt:113)
	at org.jetbrains.kotlin.backend.common.phaser.PerformByIrFilePhase.invokeSequential(performByIrFile.kt:62)
	... 44 more
Caused by: java.lang.RuntimeException: Exception while generating code for:
FUN name:onResponse visibility:public modality:OPEN <> ($this:com.example.apsforfaculty.fragments.ViewMarksFragment.fetchSubjectDetailsAndLoadMarks.<no name provided>, call:retrofit2.Call<com.example.apsforfaculty.responses.AssignedSubjectResponse>, response:retrofit2.Response<com.example.apsforfaculty.responses.AssignedSubjectResponse>) returnType:kotlin.Unit
  overridden:
    public abstract fun onResponse (p0: @[FlexibleNullability] retrofit2.Call<@[FlexibleNullability] T of retrofit2.Callback?>?, p1: @[FlexibleNullability] retrofit2.Response<@[FlexibleNullability] T of retrofit2.Callback?>?): kotlin.Unit declared in retrofit2.Callback
  $this: VALUE_PARAMETER name:<this> type:com.example.apsforfaculty.fragments.ViewMarksFragment.fetchSubjectDetailsAndLoadMarks.<no name provided>
  VALUE_PARAMETER name:call index:0 type:retrofit2.Call<com.example.apsforfaculty.responses.AssignedSubjectResponse>
  VALUE_PARAMETER name:response index:1 type:retrofit2.Response<com.example.apsforfaculty.responses.AssignedSubjectResponse>
  BLOCK_BODY
    WHEN type=kotlin.Unit origin=IF
      BRANCH
        if: CALL 'public final fun ANDAND (arg0: kotlin.Boolean, arg1: kotlin.Boolean): kotlin.Boolean declared in kotlin.internal.ir' type=kotlin.Boolean origin=null
          arg0: CALL 'public open fun isSuccessful (): kotlin.Boolean declared in retrofit2.Response' type=kotlin.Boolean origin=GET_PROPERTY
            $this: GET_VAR 'response: retrofit2.Response<com.example.apsforfaculty.responses.AssignedSubjectResponse> declared in com.example.apsforfaculty.fragments.ViewMarksFragment.fetchSubjectDetailsAndLoadMarks.<no name provided>.onResponse' type=retrofit2.Response<com.example.apsforfaculty.responses.AssignedSubjectResponse> origin=null
          arg1: BLOCK type=kotlin.Boolean origin=null
            WHEN type=kotlin.Boolean origin=FOLDED_SAFE_CALL
              BRANCH
                if: COMPOSITE type=kotlin.Boolean origin=null
                  VAR IR_TEMPORARY_VARIABLE name:tmp2_safe_receiver type:@[EnhancedNullability] com.example.apsforfaculty.responses.AssignedSubjectResponse? [val]
                    CALL 'public open fun body (): @[EnhancedNullability] T of retrofit2.Response? declared in retrofit2.Response' type=@[EnhancedNullability] com.example.apsforfaculty.responses.AssignedSubjectResponse? origin=null
                      $this: GET_VAR 'response: retrofit2.Response<com.example.apsforfaculty.responses.AssignedSubjectResponse> declared in com.example.apsforfaculty.fragments.ViewMarksFragment.fetchSubjectDetailsAndLoadMarks.<no name provided>.onResponse' type=retrofit2.Response<com.example.apsforfaculty.responses.AssignedSubjectResponse> origin=null
                  CALL 'public final fun not (): kotlin.Boolean [operator] declared in kotlin.Boolean' type=kotlin.Boolean origin=null
                    $this: CALL 'public final fun EQEQ (arg0: kotlin.Any?, arg1: kotlin.Any?): kotlin.Boolean declared in kotlin.internal.ir' type=kotlin.Boolean origin=null
                      arg0: GET_VAR 'val tmp2_safe_receiver: @[EnhancedNullability] com.example.apsforfaculty.responses.AssignedSubjectResponse? [val] declared in com.example.apsforfaculty.fragments.ViewMarksFragment.fetchSubjectDetailsAndLoadMarks.<no name provided>.onResponse' type=@[EnhancedNullability] com.example.apsforfaculty.responses.AssignedSubjectResponse? origin=null
                      arg1: CONST Null type=kotlin.Nothing? value=null
                then: CALL 'public final fun EQEQ (arg0: kotlin.Any?, arg1: kotlin.Any?): kotlin.Boolean declared in kotlin.internal.ir' type=kotlin.Boolean origin=EQEQ
                  arg0: CALL 'public final fun <get-status> (): kotlin.Int declared in com.example.apsforfaculty.responses.AssignedSubjectResponse' type=kotlin.Int origin=GET_PROPERTY
                    $this: GET_VAR 'val tmp2_safe_receiver: @[EnhancedNullability] com.example.apsforfaculty.responses.AssignedSubjectResponse? [val] declared in com.example.apsforfaculty.fragments.ViewMarksFragment.fetchSubjectDetailsAndLoadMarks.<no name provided>.onResponse' type=@[EnhancedNullability] com.example.apsforfaculty.responses.AssignedSubjectResponse? origin=null
                  arg1: CONST Int type=kotlin.Int value=1
              BRANCH
                if: CONST Boolean type=kotlin.Boolean value=true
                then: CONST Boolean type=kotlin.Boolean value=false
        then: BLOCK type=kotlin.Unit origin=null
          VAR name:foundSubject type:com.example.apsforfaculty.responses.AssignedSubjectData? [val]
            BLOCK type=com.example.apsforfaculty.responses.AssignedSubjectData? origin=FOLDED_SAFE_CALL
              WHEN type=com.example.apsforfaculty.responses.AssignedSubjectData? origin=FOLDED_SAFE_CALL
                BRANCH
                  if: CALL 'public final fun ANDAND (arg0: kotlin.Boolean, arg1: kotlin.Boolean): kotlin.Boolean declared in kotlin.internal.ir' type=kotlin.Boolean origin=null
                    arg0: COMPOSITE type=kotlin.Boolean origin=null
                      VAR IR_TEMPORARY_VARIABLE name:tmp0_safe_receiver type:@[EnhancedNullability] com.example.apsforfaculty.responses.AssignedSubjectResponse? [val]
                        CALL 'public open fun body (): @[EnhancedNullability] T of retrofit2.Response? declared in retrofit2.Response' type=@[EnhancedNullability] com.example.apsforfaculty.responses.AssignedSubjectResponse? origin=null
                          $this: GET_VAR 'response: retrofit2.Response<com.example.apsforfaculty.responses.AssignedSubjectResponse> declared in com.example.apsforfaculty.fragments.ViewMarksFragment.fetchSubjectDetailsAndLoadMarks.<no name provided>.onResponse' type=retrofit2.Response<com.example.apsforfaculty.responses.AssignedSubjectResponse> origin=null
                      CALL 'public final fun not (): kotlin.Boolean [operator] declared in kotlin.Boolean' type=kotlin.Boolean origin=null
                        $this: CALL 'public final fun EQEQ (arg0: kotlin.Any?, arg1: kotlin.Any?): kotlin.Boolean declared in kotlin.internal.ir' type=kotlin.Boolean origin=null
                          arg0: GET_VAR 'val tmp0_safe_receiver: @[EnhancedNullability] com.example.apsforfaculty.responses.AssignedSubjectResponse? [val] declared in com.example.apsforfaculty.fragments.ViewMarksFragment.fetchSubjectDetailsAndLoadMarks.<no name provided>.onResponse' type=@[EnhancedNullability] com.example.apsforfaculty.responses.AssignedSubjectResponse? origin=null
                          arg1: CONST Null type=kotlin.Nothing? value=null
                    arg1: COMPOSITE type=kotlin.Boolean origin=null
                      VAR IR_TEMPORARY_VARIABLE name:tmp1_safe_receiver type:kotlin.collections.List<com.example.apsforfaculty.responses.AssignedSubjectData> [val]
                        CALL 'public final fun <get-data> (): kotlin.collections.List<com.example.apsforfaculty.responses.AssignedSubjectData> declared in com.example.apsforfaculty.responses.AssignedSubjectResponse' type=kotlin.collections.List<com.example.apsforfaculty.responses.AssignedSubjectData> origin=GET_PROPERTY
                          $this: GET_VAR 'val tmp0_safe_receiver: @[EnhancedNullability] com.example.apsforfaculty.responses.AssignedSubjectResponse? [val] declared in com.example.apsforfaculty.fragments.ViewMarksFragment.fetchSubjectDetailsAndLoadMarks.<no name provided>.onResponse' type=@[EnhancedNullability] com.example.apsforfaculty.responses.AssignedSubjectResponse? origin=null
                      CALL 'public final fun not (): kotlin.Boolean [operator] declared in kotlin.Boolean' type=kotlin.Boolean origin=null
                        $this: CALL 'public final fun EQEQ (arg0: kotlin.Any?, arg1: kotlin.Any?): kotlin.Boolean declared in kotlin.internal.ir' type=kotlin.Boolean origin=null
                          arg0: GET_VAR 'val tmp1_safe_receiver: kotlin.collections.List<com.example.apsforfaculty.responses.AssignedSubjectData> [val] declared in com.example.apsforfaculty.fragments.ViewMarksFragment.fetchSubjectDetailsAndLoadMarks.<no name provided>.onResponse' type=kotlin.collections.List<com.example.apsforfaculty.responses.AssignedSubjectData> origin=null
                          arg1: CONST Null type=kotlin.Nothing? value=null
                  then: CALL 'public final fun find <T> (predicate: kotlin.Function1<T of kotlin.collections.CollectionsKt.find, kotlin.Boolean>): T of kotlin.collections.CollectionsKt.find? [inline] declared in kotlin.collections.CollectionsKt' type=com.example.apsforfaculty.responses.AssignedSubjectData? origin=null
                    <T>: com.example.apsforfaculty.responses.AssignedSubjectData
                    $receiver: GET_VAR 'val tmp1_safe_receiver: kotlin.collections.List<com.example.apsforfaculty.responses.AssignedSubjectData> [val] declared in com.example.apsforfaculty.fragments.ViewMarksFragment.fetchSubjectDetailsAndLoadMarks.<no name provided>.onResponse' type=kotlin.collections.List<com.example.apsforfaculty.responses.AssignedSubjectData>? origin=null
                    predicate: BLOCK type=kotlin.Function1<com.example.apsforfaculty.responses.AssignedSubjectData, kotlin.Boolean> origin=LAMBDA
                      COMPOSITE type=kotlin.Unit origin=null
                      FUNCTION_REFERENCE 'private final fun onResponse$lambda$0 ($chosenSubject: kotlin.String, it: com.example.apsforfaculty.responses.AssignedSubjectData): kotlin.Boolean declared in com.example.apsforfaculty.fragments.ViewMarksFragment.fetchSubjectDetailsAndLoadMarks.<no name provided>' type=kotlin.Function1<com.example.apsforfaculty.responses.AssignedSubjectData, kotlin.Boolean> origin=INLINE_LAMBDA reflectionTarget=null
                        $chosenSubject: GET_FIELD 'FIELD FIELD_FOR_CAPTURED_VALUE name:$chosenSubject type:kotlin.String visibility:public/*package*/ [final] declared in com.example.apsforfaculty.fragments.ViewMarksFragment.fetchSubjectDetailsAndLoadMarks.<no name provided>' type=kotlin.String origin=null
                          receiver: GET_VAR '<this>: com.example.apsforfaculty.fragments.ViewMarksFragment.fetchSubjectDetailsAndLoadMarks.<no name provided> declared in com.example.apsforfaculty.fragments.ViewMarksFragment.fetchSubjectDetailsAndLoadMarks.<no name provided>.onResponse' type=com.example.apsforfaculty.fragments.ViewMarksFragment.fetchSubjectDetailsAndLoadMarks.<no name provided> origin=null
                BRANCH
                  if: CONST Boolean type=kotlin.Boolean value=true
                  then: CONST Null type=kotlin.Nothing? value=null
          WHEN type=kotlin.Unit origin=IF
            BRANCH
              if: CALL 'public final fun not (): kotlin.Boolean [operator] declared in kotlin.Boolean' type=kotlin.Boolean origin=EXCLEQ
                $this: CALL 'public final fun EQEQ (arg0: kotlin.Any?, arg1: kotlin.Any?): kotlin.Boolean declared in kotlin.internal.ir' type=kotlin.Boolean origin=EXCLEQ
                  arg0: GET_VAR 'val foundSubject: com.example.apsforfaculty.responses.AssignedSubjectData? [val] declared in com.example.apsforfaculty.fragments.ViewMarksFragment.fetchSubjectDetailsAndLoadMarks.<no name provided>.onResponse' type=com.example.apsforfaculty.responses.AssignedSubjectData? origin=null
                  arg1: CONST Null type=kotlin.Nothing? value=null
              then: BLOCK type=kotlin.Unit origin=null
                COMPOSITE type=kotlin.Unit origin=null
                  CALL 'public open fun d (p0: @[EnhancedNullability] kotlin.String?, p1: @[EnhancedNullability] kotlin.String): kotlin.Int declared in android.util.Log' type=kotlin.Int origin=null
                    p0: CONST String type=kotlin.String value="ViewMarksFragment"
                    p1: STRING_CONCATENATION type=kotlin.String
                      CONST String type=kotlin.String value="Found subject: sst_id="
                      CALL 'public final fun <get-sst_id> (): kotlin.String declared in com.example.apsforfaculty.responses.AssignedSubjectData' type=kotlin.String origin=GET_PROPERTY
                        $this: GET_VAR 'val foundSubject: com.example.apsforfaculty.responses.AssignedSubjectData? [val] declared in com.example.apsforfaculty.fragments.ViewMarksFragment.fetchSubjectDetailsAndLoadMarks.<no name provided>.onResponse' type=com.example.apsforfaculty.responses.AssignedSubjectData? origin=null
                      CONST String type=kotlin.String value=", section_id="
                      CALL 'public final fun <get-section_id> (): kotlin.String declared in com.example.apsforfaculty.responses.AssignedSubjectData' type=kotlin.String origin=GET_PROPERTY
                        $this: GET_VAR 'val foundSubject: com.example.apsforfaculty.responses.AssignedSubjectData? [val] declared in com.example.apsforfaculty.fragments.ViewMarksFragment.fetchSubjectDetailsAndLoadMarks.<no name provided>.onResponse' type=com.example.apsforfaculty.responses.AssignedSubjectData? origin=null
                  COMPOSITE type=kotlin.Unit origin=null
                CALL 'public final fun access$loadMarks ($this: com.example.apsforfaculty.fragments.ViewMarksFragment, examId: kotlin.String, sectionId: kotlin.String, sstId: kotlin.String): kotlin.Unit declared in com.example.apsforfaculty.fragments.ViewMarksFragment' type=kotlin.Unit origin=null
                  $this: GET_FIELD 'FIELD FIELD_FOR_CAPTURED_VALUE name:this$0 type:com.example.apsforfaculty.fragments.ViewMarksFragment visibility:public/*package*/ [final] declared in com.example.apsforfaculty.fragments.ViewMarksFragment.fetchSubjectDetailsAndLoadMarks.<no name provided>' type=com.example.apsforfaculty.fragments.ViewMarksFragment origin=null
                    receiver: GET_VAR '<this>: com.example.apsforfaculty.fragments.ViewMarksFragment.fetchSubjectDetailsAndLoadMarks.<no name provided> declared in com.example.apsforfaculty.fragments.ViewMarksFragment.fetchSubjectDetailsAndLoadMarks.<no name provided>.onResponse' type=com.example.apsforfaculty.fragments.ViewMarksFragment.fetchSubjectDetailsAndLoadMarks.<no name provided> origin=null
                  examId: GET_FIELD 'FIELD FIELD_FOR_CAPTURED_VALUE name:$examId type:kotlin.String visibility:public/*package*/ [final] declared in com.example.apsforfaculty.fragments.ViewMarksFragment.fetchSubjectDetailsAndLoadMarks.<no name provided>' type=kotlin.String origin=null
                    receiver: GET_VAR '<this>: com.example.apsforfaculty.fragments.ViewMarksFragment.fetchSubjectDetailsAndLoadMarks.<no name provided> declared in com.example.apsforfaculty.fragments.ViewMarksFragment.fetchSubjectDetailsAndLoadMarks.<no name provided>.onResponse' type=com.example.apsforfaculty.fragments.ViewMarksFragment.fetchSubjectDetailsAndLoadMarks.<no name provided> origin=null
                  sectionId: CALL 'public final fun <get-section_id> (): kotlin.String declared in com.example.apsforfaculty.responses.AssignedSubjectData' type=kotlin.String origin=GET_PROPERTY
                    $this: GET_VAR 'val foundSubject: com.example.apsforfaculty.responses.AssignedSubjectData? [val] declared in com.example.apsforfaculty.fragments.ViewMarksFragment.fetchSubjectDetailsAndLoadMarks.<no name provided>.onResponse' type=com.example.apsforfaculty.responses.AssignedSubjectData? origin=null
                  sstId: CALL 'public final fun <get-sst_id> (): kotlin.String declared in com.example.apsforfaculty.responses.AssignedSubjectData' type=kotlin.String origin=GET_PROPERTY
                    $this: GET_VAR 'val foundSubject: com.example.apsforfaculty.responses.AssignedSubjectData? [val] declared in com.example.apsforfaculty.fragments.ViewMarksFragment.fetchSubjectDetailsAndLoadMarks.<no name provided>.onResponse' type=com.example.apsforfaculty.responses.AssignedSubjectData? origin=null
            BRANCH
              if: CONST Boolean type=kotlin.Boolean value=true
              then: BLOCK type=kotlin.Unit origin=null
                COMPOSITE type=kotlin.Unit origin=null
                  CALL 'public open fun d (p0: @[EnhancedNullability] kotlin.String?, p1: @[EnhancedNullability] kotlin.String): kotlin.Int declared in android.util.Log' type=kotlin.Int origin=null
                    p0: CONST String type=kotlin.String value="ViewMarksFragment"
                    p1: STRING_CONCATENATION type=kotlin.String
                      CONST String type=kotlin.String value="Found subject: sst_id="
                      CALL 'public final fun <get-sst_id> (): kotlin.String [fake_override] declared in kotlin.Nothing' type=kotlin.String origin=GET_PROPERTY
                        $this: BLOCK type=kotlin.Nothing origin=null
                          CALL 'public final fun CHECK_NOT_NULL <T0> (arg0: T0 of kotlin.internal.ir.CHECK_NOT_NULL?): {T0 of kotlin.internal.ir.CHECK_NOT_NULL & Any} declared in kotlin.internal.ir' type=kotlin.Nothing origin=EXCLEXCL
                            <T0>: kotlin.Nothing
                            arg0: GET_VAR 'val foundSubject: com.example.apsforfaculty.responses.AssignedSubjectData? [val] declared in com.example.apsforfaculty.fragments.ViewMarksFragment.fetchSubjectDetailsAndLoadMarks.<no name provided>.onResponse' type=com.example.apsforfaculty.responses.AssignedSubjectData? origin=null
                          CALL 'public final fun throwKotlinNothingValueException (): kotlin.Nothing declared in kotlin.jvm.internal.Intrinsics' type=kotlin.Nothing origin=null
                      CONST String type=kotlin.String value=", section_id="
                      CALL 'public final fun <get-section_id> (): kotlin.String declared in com.example.apsforfaculty.responses.AssignedSubjectData' type=kotlin.String origin=GET_PROPERTY
                        $this: TYPE_OP type=kotlin.Nothing origin=IMPLICIT_CAST typeOperand=kotlin.Nothing
                          GET_VAR 'val foundSubject: com.example.apsforfaculty.responses.AssignedSubjectData? [val] declared in com.example.apsforfaculty.fragments.ViewMarksFragment.fetchSubjectDetailsAndLoadMarks.<no name provided>.onResponse' type=com.example.apsforfaculty.responses.AssignedSubjectData? origin=null
                  COMPOSITE type=kotlin.Unit origin=null
                CALL 'public open fun show (): kotlin.Unit declared in com.google.android.material.snackbar.Snackbar' type=kotlin.Unit origin=null
                  $this: CALL 'public open fun make (p0: @[EnhancedNullability] android.view.View, p1: @[EnhancedNullability] kotlin.CharSequence, p2: kotlin.Int): @[EnhancedNullability] com.google.android.material.snackbar.Snackbar declared in com.google.android.material.snackbar.Snackbar' type=@[EnhancedNullability] com.google.android.material.snackbar.Snackbar origin=null
                    p0: CALL 'public open fun getRoot (): @[EnhancedNullability] android.widget.FrameLayout declared in com.example.apsforfaculty.databinding.FragmentViewMarksBinding' type=@[EnhancedNullability] android.widget.FrameLayout origin=GET_PROPERTY
                      $this: CALL 'public final fun access$getBinding ($this: com.example.apsforfaculty.fragments.ViewMarksFragment): com.example.apsforfaculty.databinding.FragmentViewMarksBinding declared in com.example.apsforfaculty.fragments.ViewMarksFragment' type=com.example.apsforfaculty.databinding.FragmentViewMarksBinding origin=GET_PROPERTY
                        $this: GET_FIELD 'FIELD FIELD_FOR_CAPTURED_VALUE name:this$0 type:com.example.apsforfaculty.fragments.ViewMarksFragment visibility:public/*package*/ [final] declared in com.example.apsforfaculty.fragments.ViewMarksFragment.fetchSubjectDetailsAndLoadMarks.<no name provided>' type=com.example.apsforfaculty.fragments.ViewMarksFragment origin=null
                          receiver: GET_VAR '<this>: com.example.apsforfaculty.fragments.ViewMarksFragment.fetchSubjectDetailsAndLoadMarks.<no name provided> declared in com.example.apsforfaculty.fragments.ViewMarksFragment.fetchSubjectDetailsAndLoadMarks.<no name provided>.onResponse' type=com.example.apsforfaculty.fragments.ViewMarksFragment.fetchSubjectDetailsAndLoadMarks.<no name provided> origin=null
                    p1: STRING_CONCATENATION type=kotlin.String
                      CONST String type=kotlin.String value="Details for '"
                      GET_FIELD 'FIELD FIELD_FOR_CAPTURED_VALUE name:$chosenSubject type:kotlin.String visibility:public/*package*/ [final] declared in com.example.apsforfaculty.fragments.ViewMarksFragment.fetchSubjectDetailsAndLoadMarks.<no name provided>' type=kotlin.String origin=null
                        receiver: GET_VAR '<this>: com.example.apsforfaculty.fragments.ViewMarksFragment.fetchSubjectDetailsAndLoadMarks.<no name provided> declared in com.example.apsforfaculty.fragments.ViewMarksFragment.fetchSubjectDetailsAndLoadMarks.<no name provided>.onResponse' type=com.example.apsforfaculty.fragments.ViewMarksFragment.fetchSubjectDetailsAndLoadMarks.<no name provided> origin=null
                      CONST String type=kotlin.String value="' not found."
                    p2: CONST Int type=kotlin.Int value=0
      BRANCH
        if: CONST Boolean type=kotlin.Boolean value=true
        then: BLOCK type=kotlin.Unit origin=null
          VAR name:errorMsg type:kotlin.String [val]
            BLOCK type=kotlin.String origin=FOLDED_ELVIS
              WHEN type=kotlin.String origin=FOLDED_ELVIS
                BRANCH
                  if: CALL 'public final fun ANDAND (arg0: kotlin.Boolean, arg1: kotlin.Boolean): kotlin.Boolean declared in kotlin.internal.ir' type=kotlin.Boolean origin=null
                    arg0: COMPOSITE type=kotlin.Boolean origin=null
                      VAR IR_TEMPORARY_VARIABLE name:tmp3_safe_receiver type:@[EnhancedNullability] com.example.apsforfaculty.responses.AssignedSubjectResponse? [val]
                        CALL 'public open fun body (): @[EnhancedNullability] T of retrofit2.Response? declared in retrofit2.Response' type=@[EnhancedNullability] com.example.apsforfaculty.responses.AssignedSubjectResponse? origin=null
                          $this: GET_VAR 'response: retrofit2.Response<com.example.apsforfaculty.responses.AssignedSubjectResponse> declared in com.example.apsforfaculty.fragments.ViewMarksFragment.fetchSubjectDetailsAndLoadMarks.<no name provided>.onResponse' type=retrofit2.Response<com.example.apsforfaculty.responses.AssignedSubjectResponse> origin=null
                      CALL 'public final fun not (): kotlin.Boolean [operator] declared in kotlin.Boolean' type=kotlin.Boolean origin=null
                        $this: CALL 'public final fun EQEQ (arg0: kotlin.Any?, arg1: kotlin.Any?): kotlin.Boolean declared in kotlin.internal.ir' type=kotlin.Boolean origin=null
                          arg0: GET_VAR 'val tmp3_safe_receiver: @[EnhancedNullability] com.example.apsforfaculty.responses.AssignedSubjectResponse? [val] declared in com.example.apsforfaculty.fragments.ViewMarksFragment.fetchSubjectDetailsAndLoadMarks.<no name provided>.onResponse' type=@[EnhancedNullability] com.example.apsforfaculty.responses.AssignedSubjectResponse? origin=null
                          arg1: CONST Null type=kotlin.Nothing? value=null
                    arg1: COMPOSITE type=kotlin.Boolean origin=null
                      VAR IR_TEMPORARY_VARIABLE name:tmp4_elvis_lhs type:kotlin.String [val]
                        CALL 'public final fun <get-Msg> (): kotlin.String declared in com.example.apsforfaculty.responses.AssignedSubjectResponse' type=kotlin.String origin=GET_PROPERTY
                          $this: GET_VAR 'val tmp3_safe_receiver: @[EnhancedNullability] com.example.apsforfaculty.responses.AssignedSubjectResponse? [val] declared in com.example.apsforfaculty.fragments.ViewMarksFragment.fetchSubjectDetailsAndLoadMarks.<no name provided>.onResponse' type=@[EnhancedNullability] com.example.apsforfaculty.responses.AssignedSubjectResponse? origin=null
                      CALL 'public final fun not (): kotlin.Boolean [operator] declared in kotlin.Boolean' type=kotlin.Boolean origin=null
                        $this: CALL 'public final fun EQEQ (arg0: kotlin.Any?, arg1: kotlin.Any?): kotlin.Boolean declared in kotlin.internal.ir' type=kotlin.Boolean origin=null
                          arg0: GET_VAR 'val tmp4_elvis_lhs: kotlin.String [val] declared in com.example.apsforfaculty.fragments.ViewMarksFragment.fetchSubjectDetailsAndLoadMarks.<no name provided>.onResponse' type=kotlin.String origin=null
                          arg1: CONST Null type=kotlin.Nothing? value=null
                  then: GET_VAR 'val tmp4_elvis_lhs: kotlin.String [val] declared in com.example.apsforfaculty.fragments.ViewMarksFragment.fetchSubjectDetailsAndLoadMarks.<no name provided>.onResponse' type=kotlin.String origin=null
                BRANCH
                  if: CONST Boolean type=kotlin.Boolean value=true
                  then: CONST String type=kotlin.String value="Failed to get subject details."
          CALL 'public open fun show (): kotlin.Unit declared in com.google.android.material.snackbar.Snackbar' type=kotlin.Unit origin=null
            $this: CALL 'public open fun make (p0: @[EnhancedNullability] android.view.View, p1: @[EnhancedNullability] kotlin.CharSequence, p2: kotlin.Int): @[EnhancedNullability] com.google.android.material.snackbar.Snackbar declared in com.google.android.material.snackbar.Snackbar' type=@[EnhancedNullability] com.google.android.material.snackbar.Snackbar origin=null
              p0: CALL 'public open fun getRoot (): @[EnhancedNullability] android.widget.FrameLayout declared in com.example.apsforfaculty.databinding.FragmentViewMarksBinding' type=@[EnhancedNullability] android.widget.FrameLayout origin=GET_PROPERTY
                $this: CALL 'public final fun access$getBinding ($this: com.example.apsforfaculty.fragments.ViewMarksFragment): com.example.apsforfaculty.databinding.FragmentViewMarksBinding declared in com.example.apsforfaculty.fragments.ViewMarksFragment' type=com.example.apsforfaculty.databinding.FragmentViewMarksBinding origin=GET_PROPERTY
                  $this: GET_FIELD 'FIELD FIELD_FOR_CAPTURED_VALUE name:this$0 type:com.example.apsforfaculty.fragments.ViewMarksFragment visibility:public/*package*/ [final] declared in com.example.apsforfaculty.fragments.ViewMarksFragment.fetchSubjectDetailsAndLoadMarks.<no name provided>' type=com.example.apsforfaculty.fragments.ViewMarksFragment origin=null
                    receiver: GET_VAR '<this>: com.example.apsforfaculty.fragments.ViewMarksFragment.fetchSubjectDetailsAndLoadMarks.<no name provided> declared in com.example.apsforfaculty.fragments.ViewMarksFragment.fetchSubjectDetailsAndLoadMarks.<no name provided>.onResponse' type=com.example.apsforfaculty.fragments.ViewMarksFragment.fetchSubjectDetailsAndLoadMarks.<no name provided> origin=null
              p1: GET_VAR 'val errorMsg: kotlin.String [val] declared in com.example.apsforfaculty.fragments.ViewMarksFragment.fetchSubjectDetailsAndLoadMarks.<no name provided>.onResponse' type=kotlin.String origin=null
              p2: CONST Int type=kotlin.Int value=0

	at org.jetbrains.kotlin.backend.jvm.codegen.FunctionCodegen.generate(FunctionCodegen.kt:47)
	at org.jetbrains.kotlin.backend.jvm.codegen.FunctionCodegen.generate$default(FunctionCodegen.kt:40)
	at org.jetbrains.kotlin.backend.jvm.codegen.ClassCodegen.generateMethodNode(ClassCodegen.kt:406)
	at org.jetbrains.kotlin.backend.jvm.codegen.ClassCodegen.generateMethod(ClassCodegen.kt:423)
	at org.jetbrains.kotlin.backend.jvm.codegen.ClassCodegen.generate(ClassCodegen.kt:168)
	at org.jetbrains.kotlin.backend.jvm.codegen.ExpressionCodegen.visitClass(ExpressionCodegen.kt:1000)
	at org.jetbrains.kotlin.backend.jvm.codegen.ExpressionCodegen.visitClass(ExpressionCodegen.kt:138)
	at org.jetbrains.kotlin.ir.declarations.IrClass.accept(IrClass.kt:72)
	at org.jetbrains.kotlin.backend.jvm.codegen.ExpressionCodegen.visitStatementContainer(ExpressionCodegen.kt:579)
	at org.jetbrains.kotlin.backend.jvm.codegen.ExpressionCodegen.visitContainerExpression(ExpressionCodegen.kt:593)
	at org.jetbrains.kotlin.backend.jvm.codegen.ExpressionCodegen.visitContainerExpression(ExpressionCodegen.kt:138)
	at org.jetbrains.kotlin.ir.visitors.IrElementVisitor$DefaultImpls.visitBlock(IrElementVisitor.kt:122)
	at org.jetbrains.kotlin.backend.jvm.codegen.ExpressionCodegen.visitBlock(ExpressionCodegen.kt:413)
	at org.jetbrains.kotlin.backend.jvm.codegen.ExpressionCodegen.visitBlock(ExpressionCodegen.kt:138)
	at org.jetbrains.kotlin.ir.expressions.IrBlock.accept(IrBlock.kt:18)
	at org.jetbrains.kotlin.backend.jvm.codegen.ExpressionCodegen.gen(ExpressionCodegen.kt:217)
	at org.jetbrains.kotlin.backend.jvm.codegen.IrCallGenerator.genValueAndPut(IrCallGenerator.kt:48)
	at org.jetbrains.kotlin.backend.jvm.codegen.ExpressionCodegen.visitCall$handleParameter(ExpressionCodegen.kt:616)
	at org.jetbrains.kotlin.backend.jvm.codegen.ExpressionCodegen.visitCall(ExpressionCodegen.kt:644)
	at org.jetbrains.kotlin.backend.jvm.codegen.ExpressionCodegen.visitCall(ExpressionCodegen.kt:138)
	at org.jetbrains.kotlin.ir.expressions.IrCall.accept(IrCall.kt:24)
	at org.jetbrains.kotlin.backend.jvm.codegen.ExpressionCodegen.visitStatementContainer(ExpressionCodegen.kt:579)
	at org.jetbrains.kotlin.backend.jvm.codegen.ExpressionCodegen.visitBlockBody(ExpressionCodegen.kt:584)
	at org.jetbrains.kotlin.backend.jvm.codegen.ExpressionCodegen.visitBlockBody(ExpressionCodegen.kt:138)
	at org.jetbrains.kotlin.ir.expressions.IrBlockBody.accept(IrBlockBody.kt:20)
	at org.jetbrains.kotlin.backend.jvm.codegen.ExpressionCodegen.generate(ExpressionCodegen.kt:240)
	at org.jetbrains.kotlin.backend.jvm.codegen.FunctionCodegen.doGenerate(FunctionCodegen.kt:123)
	at org.jetbrains.kotlin.backend.jvm.codegen.FunctionCodegen.generate(FunctionCodegen.kt:44)
	... 54 more
Caused by: java.lang.IllegalStateException: Fake override should have at least one overridden descriptor: FUN FAKE_OVERRIDE name:<get-sst_id> visibility:public modality:FINAL <> ($this:kotlin.Nothing) returnType:kotlin.String [fake_override]
	at org.jetbrains.kotlin.backend.jvm.ir.JvmIrUtilsKt.findSuperDeclaration(JvmIrUtils.kt:408)
	at org.jetbrains.kotlin.backend.jvm.mapping.MethodSignatureMapper.findSuperDeclaration(MethodSignatureMapper.kt:443)
	at org.jetbrains.kotlin.backend.jvm.mapping.MethodSignatureMapper.mapToCallableMethod(MethodSignatureMapper.kt:412)
	at org.jetbrains.kotlin.backend.jvm.codegen.ExpressionCodegen.visitCall(ExpressionCodegen.kt:605)
	at org.jetbrains.kotlin.backend.jvm.codegen.ExpressionCodegen.visitCall(ExpressionCodegen.kt:138)
	at org.jetbrains.kotlin.ir.expressions.IrCall.accept(IrCall.kt:24)
	at org.jetbrains.kotlin.backend.jvm.codegen.ExpressionCodegen.visitStringConcatenation(ExpressionCodegen.kt:1532)
	at org.jetbrains.kotlin.backend.jvm.codegen.ExpressionCodegen.visitStringConcatenation(ExpressionCodegen.kt:138)
	at org.jetbrains.kotlin.ir.expressions.IrStringConcatenation.accept(IrStringConcatenation.kt:33)
	at org.jetbrains.kotlin.backend.jvm.codegen.ExpressionCodegen.gen(ExpressionCodegen.kt:217)
	at org.jetbrains.kotlin.backend.jvm.codegen.IrCallGenerator.genValueAndPut(IrCallGenerator.kt:48)
	at org.jetbrains.kotlin.backend.jvm.codegen.ExpressionCodegen.visitCall$handleParameter(ExpressionCodegen.kt:616)
	at org.jetbrains.kotlin.backend.jvm.codegen.ExpressionCodegen.visitCall(ExpressionCodegen.kt:644)
	at org.jetbrains.kotlin.backend.jvm.codegen.ExpressionCodegen.visitCall(ExpressionCodegen.kt:138)
	at org.jetbrains.kotlin.ir.expressions.IrCall.accept(IrCall.kt:24)
	at org.jetbrains.kotlin.backend.jvm.codegen.ExpressionCodegen.visitStatementContainer(ExpressionCodegen.kt:579)
	at org.jetbrains.kotlin.backend.jvm.codegen.ExpressionCodegen.visitContainerExpression(ExpressionCodegen.kt:593)
	at org.jetbrains.kotlin.backend.jvm.codegen.ExpressionCodegen.visitContainerExpression(ExpressionCodegen.kt:138)
	at org.jetbrains.kotlin.ir.visitors.IrElementVisitor$DefaultImpls.visitComposite(IrElementVisitor.kt:125)
	at org.jetbrains.kotlin.backend.jvm.codegen.ExpressionCodegen.visitComposite(ExpressionCodegen.kt:138)
	at org.jetbrains.kotlin.backend.jvm.codegen.ExpressionCodegen.visitComposite(ExpressionCodegen.kt:138)
	at org.jetbrains.kotlin.ir.expressions.IrComposite.accept(IrComposite.kt:18)
	at org.jetbrains.kotlin.backend.jvm.codegen.ExpressionCodegen.visitStatementContainer(ExpressionCodegen.kt:579)
	at org.jetbrains.kotlin.backend.jvm.codegen.ExpressionCodegen.visitContainerExpression(ExpressionCodegen.kt:593)
	at org.jetbrains.kotlin.backend.jvm.codegen.ExpressionCodegen.visitContainerExpression(ExpressionCodegen.kt:138)
	at org.jetbrains.kotlin.ir.visitors.IrElementVisitor$DefaultImpls.visitBlock(IrElementVisitor.kt:122)
	at org.jetbrains.kotlin.backend.jvm.codegen.ExpressionCodegen.visitBlock(ExpressionCodegen.kt:413)
	at org.jetbrains.kotlin.backend.jvm.codegen.ExpressionCodegen.visitBlock(ExpressionCodegen.kt:138)
	at org.jetbrains.kotlin.ir.expressions.IrBlock.accept(IrBlock.kt:18)
	at org.jetbrains.kotlin.backend.jvm.codegen.ExpressionCodegen.visitWhen(ExpressionCodegen.kt:1101)
	at org.jetbrains.kotlin.backend.jvm.codegen.ExpressionCodegen.visitWhen(ExpressionCodegen.kt:138)
	at org.jetbrains.kotlin.ir.expressions.IrWhen.accept(IrWhen.kt:24)
	at org.jetbrains.kotlin.backend.jvm.codegen.ExpressionCodegen.visitStatementContainer(ExpressionCodegen.kt:579)
	at org.jetbrains.kotlin.backend.jvm.codegen.ExpressionCodegen.visitContainerExpression(ExpressionCodegen.kt:593)
	at org.jetbrains.kotlin.backend.jvm.codegen.ExpressionCodegen.visitContainerExpression(ExpressionCodegen.kt:138)
	at org.jetbrains.kotlin.ir.visitors.IrElementVisitor$DefaultImpls.visitBlock(IrElementVisitor.kt:122)
	at org.jetbrains.kotlin.backend.jvm.codegen.ExpressionCodegen.visitBlock(ExpressionCodegen.kt:413)
	at org.jetbrains.kotlin.backend.jvm.codegen.ExpressionCodegen.visitBlock(ExpressionCodegen.kt:138)
	at org.jetbrains.kotlin.ir.expressions.IrBlock.accept(IrBlock.kt:18)
	at org.jetbrains.kotlin.backend.jvm.codegen.ExpressionCodegen.visitWhen(ExpressionCodegen.kt:1101)
	at org.jetbrains.kotlin.backend.jvm.codegen.ExpressionCodegen.visitWhen(ExpressionCodegen.kt:138)
	at org.jetbrains.kotlin.ir.expressions.IrWhen.accept(IrWhen.kt:24)
	at org.jetbrains.kotlin.backend.jvm.codegen.ExpressionCodegen.visitStatementContainer(ExpressionCodegen.kt:579)
	at org.jetbrains.kotlin.backend.jvm.codegen.ExpressionCodegen.visitBlockBody(ExpressionCodegen.kt:584)
	at org.jetbrains.kotlin.backend.jvm.codegen.ExpressionCodegen.visitBlockBody(ExpressionCodegen.kt:138)
	at org.jetbrains.kotlin.ir.expressions.IrBlockBody.accept(IrBlockBody.kt:20)
	at org.jetbrains.kotlin.backend.jvm.codegen.ExpressionCodegen.generate(ExpressionCodegen.kt:240)
	at org.jetbrains.kotlin.backend.jvm.codegen.FunctionCodegen.doGenerate(FunctionCodegen.kt:123)
	at org.jetbrains.kotlin.backend.jvm.codegen.FunctionCodegen.generate(FunctionCodegen.kt:44)
	... 81 more


